<?xml version="1.0" encoding="UTF-8"?>
<testng-results ignored="0" total="1" passed="1" failed="0" skipped="0">
  <reporter-output>
  </reporter-output>
  <suite started-at="2023-02-08T15:20:24 CST" name="Default suite" finished-at="2023-02-08T15:20:37 CST" duration-ms="12200">
    <groups>
    </groups>
    <test started-at="2023-02-08T15:20:24 CST" name="Default test" finished-at="2023-02-08T15:20:37 CST" duration-ms="12200">
      <class name="ecommerceproject.VerifySortByName">
        <test-method is-config="true" signature="openBrowser()[pri:0, instance:ecommerceproject.VerifySortByName@62150f9e]" started-at="2023-02-08T15:20:25 CST" name="openBrowser" finished-at="2023-02-08T15:20:33 CST" duration-ms="8859" status="PASS">
          <reporter-output>
          </reporter-output>
        </test-method> <!-- openBrowser -->
        <test-method signature="VerifyTilte()[pri:0, instance:ecommerceproject.VerifySortByName@62150f9e]" started-at="2023-02-08T15:20:33 CST" name="VerifyTilte" finished-at="2023-02-08T15:20:37 CST" duration-ms="3271" status="PASS">
          <reporter-output>
          </reporter-output>
        </test-method> <!-- VerifyTilte -->
      </class> <!-- ecommerceproject.VerifySortByName -->
    </test> <!-- Default test -->
  </suite> <!-- Default suite -->
</testng-results>
